Traceback (most recent call last):
  File "/usr/local/lib/python3.6/site-packages/gunicorn/workers/base.py", line 197, in handle_quit
    time.sleep(0.1)
  File "/usr/local/lib64/python3.6/site-packages/gevent/hub.py", line 166, in sleep
    hub.wait(t)
  File "src/gevent/_hub_primitives.py", line 46, in gevent._gevent_c_hub_primitives.WaitOperationsGreenlet.wait
  File "src/gevent/_hub_primitives.py", line 55, in gevent._gevent_c_hub_primitives.WaitOperationsGreenlet.wait
  File "src/gevent/_waiter.py", line 154, in gevent._gevent_c_waiter.Waiter.get
  File "src/gevent/_greenlet_primitives.py", line 61, in gevent._gevent_c_greenlet_primitives.SwitchOutGreenletWithLoop.switch
  File "src/gevent/_greenlet_primitives.py", line 61, in gevent._gevent_c_greenlet_primitives.SwitchOutGreenletWithLoop.switch
  File "src/gevent/_greenlet_primitives.py", line 64, in gevent._gevent_c_greenlet_primitives.SwitchOutGreenletWithLoop.switch
  File "src/gevent/_greenlet_primitives.py", line 67, in gevent._gevent_c_greenlet_primitives.SwitchOutGreenletWithLoop.switch_out
  File "src/gevent/_greenlet_primitives.py", line 68, in gevent._gevent_c_greenlet_primitives.SwitchOutGreenletWithLoop.switch_out
gevent.exceptions.BlockingSwitchOutError: Impossible to call blocking function in the event loop callback
2022-01-22T14:47:45Z
Traceback (most recent call last):
  File "/usr/local/lib/python3.6/site-packages/gunicorn/workers/base.py", line 197, in handle_quit
    time.sleep(0.1)
  File "/usr/local/lib64/python3.6/site-packages/gevent/hub.py", line 166, in sleep
    hub.wait(t)
  File "src/gevent/_hub_primitives.py", line 46, in gevent._gevent_c_hub_primitives.WaitOperationsGreenlet.wait
  File "src/gevent/_hub_primitives.py", line 55, in gevent._gevent_c_hub_primitives.WaitOperationsGreenlet.wait
  File "src/gevent/_waiter.py", line 154, in gevent._gevent_c_waiter.Waiter.get
  File "src/gevent/_greenlet_primitives.py", line 61, in gevent._gevent_c_greenlet_primitives.SwitchOutGreenletWithLoop.switch
  File "src/gevent/_greenlet_primitives.py", line 61, in gevent._gevent_c_greenlet_primitives.SwitchOutGreenletWithLoop.switch
  File "src/gevent/_greenlet_primitives.py", line 64, in gevent._gevent_c_greenlet_primitives.SwitchOutGreenletWithLoop.switch
  File "src/gevent/_greenlet_primitives.py", line 67, in gevent._gevent_c_greenlet_primitives.SwitchOutGreenletWithLoop.switch_out
  File "src/gevent/_greenlet_primitives.py", line 68, in gevent._gevent_c_greenlet_primitives.SwitchOutGreenletWithLoop.switch_out
gevent.exceptions.BlockingSwitchOutError: Impossible to call blocking function in the event loop callback
2022-01-22T14:47:45Z
Traceback (most recent call last):
  File "/usr/local/lib/python3.6/site-packages/gunicorn/workers/base.py", line 197, in handle_quit
    time.sleep(0.1)
  File "/usr/local/lib64/python3.6/site-packages/gevent/hub.py", line 166, in sleep
    hub.wait(t)
  File "src/gevent/_hub_primitives.py", line 46, in gevent._gevent_c_hub_primitives.WaitOperationsGreenlet.wait
  File "src/gevent/_hub_primitives.py", line 55, in gevent._gevent_c_hub_primitives.WaitOperationsGreenlet.wait
  File "src/gevent/_waiter.py", line 154, in gevent._gevent_c_waiter.Waiter.get
  File "src/gevent/_greenlet_primitives.py", line 61, in gevent._gevent_c_greenlet_primitives.SwitchOutGreenletWithLoop.switch
  File "src/gevent/_greenlet_primitives.py", line 61, in gevent._gevent_c_greenlet_primitives.SwitchOutGreenletWithLoop.switch
  File "src/gevent/_greenlet_primitives.py", line 64, in gevent._gevent_c_greenlet_primitives.SwitchOutGreenletWithLoop.switch
  File "src/gevent/_greenlet_primitives.py", line 67, in gevent._gevent_c_greenlet_primitives.SwitchOutGreenletWithLoop.switch_out
  File "src/gevent/_greenlet_primitives.py", line 68, in gevent._gevent_c_greenlet_primitives.SwitchOutGreenletWithLoop.switch_out
gevent.exceptions.BlockingSwitchOutError: Impossible to call blocking function in the event loop callback
2022-01-22T14:47:45Z
Traceback (most recent call last):
  File "/usr/local/lib/python3.6/site-packages/gunicorn/workers/base.py", line 197, in handle_quit
    time.sleep(0.1)
  File "/usr/local/lib64/python3.6/site-packages/gevent/hub.py", line 166, in sleep
    hub.wait(t)
  File "src/gevent/_hub_primitives.py", line 46, in gevent._gevent_c_hub_primitives.WaitOperationsGreenlet.wait
  File "src/gevent/_hub_primitives.py", line 55, in gevent._gevent_c_hub_primitives.WaitOperationsGreenlet.wait
  File "src/gevent/_waiter.py", line 154, in gevent._gevent_c_waiter.Waiter.get
  File "src/gevent/_greenlet_primitives.py", line 61, in gevent._gevent_c_greenlet_primitives.SwitchOutGreenletWithLoop.switch
  File "src/gevent/_greenlet_primitives.py", line 61, in gevent._gevent_c_greenlet_primitives.SwitchOutGreenletWithLoop.switch
  File "src/gevent/_greenlet_primitives.py", line 64, in gevent._gevent_c_greenlet_primitives.SwitchOutGreenletWithLoop.switch
  File "src/gevent/_greenlet_primitives.py", line 67, in gevent._gevent_c_greenlet_primitives.SwitchOutGreenletWithLoop.switch_out
  File "src/gevent/_greenlet_primitives.py", line 68, in gevent._gevent_c_greenlet_primitives.SwitchOutGreenletWithLoop.switch_out
gevent.exceptions.BlockingSwitchOutError: Impossible to call blocking function in the event loop callback
2022-01-22T14:48:28Z
Traceback (most recent call last):
  File "/usr/local/lib/python3.6/site-packages/gunicorn/workers/base.py", line 197, in handle_quit
    time.sleep(0.1)
  File "/usr/local/lib64/python3.6/site-packages/gevent/hub.py", line 166, in sleep
    hub.wait(t)
  File "src/gevent/_hub_primitives.py", line 46, in gevent._gevent_c_hub_primitives.WaitOperationsGreenlet.wait
  File "src/gevent/_hub_primitives.py", line 55, in gevent._gevent_c_hub_primitives.WaitOperationsGreenlet.wait
  File "src/gevent/_waiter.py", line 154, in gevent._gevent_c_waiter.Waiter.get
  File "src/gevent/_greenlet_primitives.py", line 61, in gevent._gevent_c_greenlet_primitives.SwitchOutGreenletWithLoop.switch
  File "src/gevent/_greenlet_primitives.py", line 61, in gevent._gevent_c_greenlet_primitives.SwitchOutGreenletWithLoop.switch
  File "src/gevent/_greenlet_primitives.py", line 64, in gevent._gevent_c_greenlet_primitives.SwitchOutGreenletWithLoop.switch
  File "src/gevent/_greenlet_primitives.py", line 67, in gevent._gevent_c_greenlet_primitives.SwitchOutGreenletWithLoop.switch_out
  File "src/gevent/_greenlet_primitives.py", line 68, in gevent._gevent_c_greenlet_primitives.SwitchOutGreenletWithLoop.switch_out
gevent.exceptions.BlockingSwitchOutError: Impossible to call blocking function in the event loop callback
2022-01-22T14:48:28Z
Traceback (most recent call last):
  File "/usr/local/lib/python3.6/site-packages/gunicorn/workers/base.py", line 197, in handle_quit
    time.sleep(0.1)
  File "/usr/local/lib64/python3.6/site-packages/gevent/hub.py", line 166, in sleep
    hub.wait(t)
  File "src/gevent/_hub_primitives.py", line 46, in gevent._gevent_c_hub_primitives.WaitOperationsGreenlet.wait
  File "src/gevent/_hub_primitives.py", line 55, in gevent._gevent_c_hub_primitives.WaitOperationsGreenlet.wait
  File "src/gevent/_waiter.py", line 154, in gevent._gevent_c_waiter.Waiter.get
  File "src/gevent/_greenlet_primitives.py", line 61, in gevent._gevent_c_greenlet_primitives.SwitchOutGreenletWithLoop.switch
  File "src/gevent/_greenlet_primitives.py", line 61, in gevent._gevent_c_greenlet_primitives.SwitchOutGreenletWithLoop.switch
  File "src/gevent/_greenlet_primitives.py", line 64, in gevent._gevent_c_greenlet_primitives.SwitchOutGreenletWithLoop.switch
  File "src/gevent/_greenlet_primitives.py", line 67, in gevent._gevent_c_greenlet_primitives.SwitchOutGreenletWithLoop.switch_out
  File "src/gevent/_greenlet_primitives.py", line 68, in gevent._gevent_c_greenlet_primitives.SwitchOutGreenletWithLoop.switch_out
gevent.exceptions.BlockingSwitchOutError: Impossible to call blocking function in the event loop callback
2022-01-22T14:48:28Z
